<?xml version="1.0" encoding="UTF-8"?>
<testng-results skipped="0" failed="0" ignored="0" total="1" passed="1">
  <reporter-output>
  </reporter-output>
  <suite name="Default suite" duration-ms="22313" started-at="2018-02-06T18:23:33Z" finished-at="2018-02-06T18:23:56Z">
    <groups>
    </groups>
    <test name="Default test" duration-ms="22313" started-at="2018-02-06T18:23:33Z" finished-at="2018-02-06T18:23:56Z">
      <class name="SmartPortal.Reports.DownloadReport">
        <test-method status="PASS" signature="greenCargoReport()[pri:0, instance:SmartPortal.Reports.DownloadReport@6767c1fc]" name="greenCargoReport" duration-ms="22272" started-at="2018-02-06T23:53:34Z" finished-at="2018-02-06T23:53:56Z">
          <reporter-output>
          </reporter-output>
        </test-method> <!-- greenCargoReport -->
      </class> <!-- SmartPortal.Reports.DownloadReport -->
    </test> <!-- Default test -->
  </suite> <!-- Default suite -->
</testng-results>
